Summary of SPARK analysis
=========================

--------------------------------------------------------------------------------------------------------
SPARK Analysis results        Total       Flow   Interval   CodePeer      Provers   Justified   Unproved
--------------------------------------------------------------------------------------------------------
Data Dependencies                 .          .          .          .            .           .          .
Flow Dependencies                 .          .          .          .            .           .          .
Initialization                    9          9          .          .            .           .          .
Non-Aliasing                      .          .          .          .            .           .          .
Run-time Checks                  10          .          .          .    10 (CVC4)           .          .
Assertions                        .          .          .          .            .           .          .
Functional Contracts              4          .          .          .     4 (CVC4)           .          .
LSP Verification                  .          .          .          .            .           .          .
--------------------------------------------------------------------------------------------------------
Total                            23    9 (39%)          .          .     14 (61%)           .          .


max steps used for successful proof: 1

Analyzed 3 units
in unit test, 1 subprograms and packages out of 1 analyzed
  Test at test.adb:8 flow analyzed (0 errors, 0 checks and 0 warnings) and proved (14 checks)
in unit tweetnacl_h, 0 subprograms and packages out of 5 analyzed
  tweetnacl_h.crypto_onetimeauth_poly1305_tweet_verify at tweetnacl_h.ads:130 skipped
  tweetnacl_h.crypto_verify_16_tweet at tweetnacl_h.ads:231 skipped
  tweetnacl_h.crypto_verify_32_tweet at tweetnacl_h.ads:234 skipped
  tweetnacl_h.randombytes at tweetnacl_h.ads:31 skipped
  tweetnacl_h.randombytes at tweetnacl_h.ads:34 skipped
in unit tweetnaclhl, 0 subprograms and packages out of 35 analyzed
  tweetnaclhl at tweetnaclhl.ads:9 skipped
  tweetnaclhl.crypto_box at tweetnaclhl.ads:15 skipped
  tweetnaclhl.crypto_box_afternm at tweetnaclhl.ads:77 skipped
  tweetnaclhl.crypto_box_beforenm at tweetnaclhl.ads:68 skipped
  tweetnaclhl.crypto_box_keypair at tweetnaclhl.ads:35 skipped
  tweetnaclhl.crypto_box_open at tweetnaclhl.ads:24 skipped
  tweetnaclhl.crypto_box_open_afternm at tweetnaclhl.ads:85 skipped
  tweetnaclhl.crypto_core_hsalsa20 at tweetnaclhl.ads:100 skipped
  tweetnaclhl.crypto_core_salsa20 at tweetnaclhl.ads:94 skipped
  tweetnaclhl.crypto_hash at tweetnaclhl.ads:110 skipped
  tweetnaclhl.crypto_hashblocks at tweetnaclhl.ads:106 skipped
  tweetnaclhl.crypto_onetimeauth at tweetnaclhl.ads:114 skipped
  tweetnaclhl.crypto_onetimeauth_verify at tweetnaclhl.ads:120 skipped
  tweetnaclhl.crypto_scalarmult at tweetnaclhl.ads:126 skipped
  tweetnaclhl.crypto_scalarmult_base at tweetnaclhl.ads:131 skipped
  tweetnaclhl.crypto_secretbox at tweetnaclhl.ads:133 skipped
  tweetnaclhl.crypto_secretbox_open at tweetnaclhl.ads:141 skipped
  tweetnaclhl.crypto_sign at tweetnaclhl.ads:39 skipped
  tweetnaclhl.crypto_sign_keypair at tweetnaclhl.ads:55 skipped
  tweetnaclhl.crypto_sign_open at tweetnaclhl.ads:48 skipped
  tweetnaclhl.crypto_stream_salsa20 at tweetnaclhl.ads:166 skipped
  tweetnaclhl.crypto_stream_salsa20_xor at tweetnaclhl.ads:174 skipped
  tweetnaclhl.crypto_stream_xsalsa20 at tweetnaclhl.ads:150 skipped
  tweetnaclhl.crypto_stream_xsalsa20_xor at tweetnaclhl.ads:157 skipped
  tweetnaclhl.crypto_verify_16 at tweetnaclhl.ads:182 skipped
  tweetnaclhl.crypto_verify_32 at tweetnaclhl.ads:184 skipped
  tweetnaclhl.isBoxAfterKey at tweetnaclhl.ads:189 skipped
  tweetnaclhl.isBoxPublicKey at tweetnaclhl.ads:188 skipped
  tweetnaclhl.isBoxSecretKey at tweetnaclhl.ads:190 skipped
  tweetnaclhl.isSignPublicKey at tweetnaclhl.ads:191 skipped
  tweetnaclhl.isSignSecretKey at tweetnaclhl.ads:192 skipped
  tweetnaclhl.isSigned at tweetnaclhl.ads:193 skipped
  tweetnaclhl.neverUsedYet at tweetnaclhl.ads:194 skipped
  tweetnaclhl.randombytes at tweetnaclhl.ads:62 skipped
  tweetnaclhl.randombytes at tweetnaclhl.ads:64 skipped
